2021-01-03 00:51:56,515 [main] INFO Qa-Tester - ******>user able to open any browser<******
2021-01-03 00:52:14,522 [main] INFO Qa-Tester - ******>user can print all the price value <******
2021-01-03 00:52:14,834 [main] INFO Qa-Tester - ******>user can select the fifth property on list<******
2021-01-03 00:57:17,119 [main] INFO Qa-Tester - ******>user able to open any browser<******
2021-01-03 00:57:29,938 [main] INFO Qa-Tester - ******>user can print all the price value <******
2021-01-03 00:57:30,033 [main] INFO Qa-Tester - ******>user can select the fifth property on list<******
2021-01-03 00:58:17,366 [main] INFO Qa-Tester - ******>user able to open any browser<******
2021-01-03 00:58:33,475 [main] INFO Qa-Tester - ******>user can print all the price value <******
2021-01-03 00:58:34,623 [main] INFO Qa-Tester - ******>user can select the fifth property on list<******
2021-01-03 01:11:37,312 [main] INFO Enamul Haque - ******>user able to open any browser<******
2021-01-03 01:14:55,135 [main] INFO Enamul Haque - ******>user able to open any browser<******
2021-01-03 01:16:51,206 [main] INFO Enamul Haque - ******>user able to open any browser<******
2021-01-03 01:17:07,492 [main] INFO Enamul Haque - ******>user can print all the price value <******
2021-01-03 01:17:08,319 [main] INFO Enamul Haque - ******>user can select the fifth property on list<******
2021-01-03 01:19:26,041 [main] INFO Enamul Haque - ******>user able to open any browser<******
2021-01-03 01:19:41,871 [main] INFO Enamul Haque - ******>user can print all the price value <******
2021-01-03 01:19:42,299 [main] INFO Enamul Haque - ******>user can select the fifth property on list<******
2021-01-03 01:28:24,324 [main] INFO Enamul Haque - ******>user able to open any browser<******
2021-01-03 01:28:30,258 [main] INFO Enamul Haque - ******>user able to submit\"([^\"]*)\<******
2021-01-03 01:28:32,125 [main] INFO Enamul Haque - ******>user able to click on signin button<******
2021-01-03 01:28:33,762 [main] INFO Enamul Haque - ******>user able to enter the \"([^\"]*)\" and \"([^\"]*)\<******
2021-01-03 01:28:34,254 [main] INFO Enamul Haque - ******>user am able to submit signin button<******
2021-01-03 01:28:35,924 [main] INFO Enamul Haque - ******>user can enter the location & search it<******
2021-01-03 01:28:36,226 [main] INFO Enamul Haque - ******>user can print all the price value <******
2021-01-03 01:28:36,309 [main] INFO Enamul Haque - ******>user can select the fifth property on list<******
2021-01-03 01:28:36,331 [main] INFO Enamul Haque - ******>As a user I am able to verify the logo, name and telephone number of the agent<******
2021-01-03 01:28:36,573 [main] INFO Enamul Haque - ******>user can click on MyZoopla<******
2021-01-03 01:28:36,744 [main] INFO Enamul Haque - ******>user can able to click signout button<******
2021-01-03 01:28:38,051 [main] INFO Enamul Haque - ******>user can verify the logout title<******
2021-01-03 01:30:55,576 [main] INFO Enamul Haque - ******>user able to open any browser<******
2021-01-03 01:31:01,524 [main] INFO Enamul Haque - ******>user able to submit\"([^\"]*)\<******
2021-01-03 01:31:04,236 [main] INFO Enamul Haque - ******>user able to click on signin button<******
2021-01-03 01:31:06,952 [main] INFO Enamul Haque - ******>user able to enter the \"([^\"]*)\" and \"([^\"]*)\<******
2021-01-03 01:31:07,356 [main] INFO Enamul Haque - ******>user am able to submit signin button<******
2021-01-03 01:31:08,434 [main] INFO Enamul Haque - ******>user can enter the location & search it<******
2021-01-03 01:31:08,841 [main] INFO Enamul Haque - ******>user can print all the price value$ <******
2021-01-03 01:31:08,947 [main] INFO Enamul Haque - ******>user can select the fifth property on list<******
2021-01-03 01:31:08,984 [main] INFO Enamul Haque - ******>As a user I am able to verify the logo, name and telephone number of the agent<******
2021-01-03 01:31:09,089 [main] INFO Enamul Haque - ******>user can click on MyZoopla<******
2021-01-03 01:31:09,249 [main] INFO Enamul Haque - ******>user can able to click signout button<******
2021-01-03 01:31:10,144 [main] INFO Enamul Haque - ******>user can verify the logout title<******
2021-01-03 01:32:26,781 [main] INFO Enamul Haque - ******>user able to open any browser<******
2021-01-03 01:32:32,761 [main] INFO Enamul Haque - ******>user able to submit\"([^\"]*)\<******
2021-01-03 01:32:34,468 [main] INFO Enamul Haque - ******>user able to click on signin button<******
2021-01-03 01:32:36,118 [main] INFO Enamul Haque - ******>user able to enter the \"([^\"]*)\" and \"([^\"]*)\<******
2021-01-03 01:32:36,532 [main] INFO Enamul Haque - ******>user am able to submit signin button<******
2021-01-03 01:32:38,234 [main] INFO Enamul Haque - ******>user can enter the location & search it<******
2021-01-03 01:32:42,030 [main] INFO Enamul Haque - ******>user can print all the price value$ <******
2021-01-03 01:32:42,363 [main] INFO Enamul Haque - ******>user can select the fifth property on list<******
2021-01-03 01:32:42,987 [main] INFO Enamul Haque - ******>As a user I am able to verify the logo, name and telephone number of the agent<******
2021-01-03 01:32:43,013 [main] INFO Enamul Haque - ******>user can click on MyZoopla<******
2021-01-03 01:32:44,476 [main] INFO Enamul Haque - ******>user can able to click signout button<******
2021-01-03 01:32:46,224 [main] INFO Enamul Haque - ******>user can verify the logout title<******
2021-01-03 01:46:32,440 [main] INFO Enamul Haque - ******>user able to open any browser<******
2021-01-03 01:46:38,367 [main] INFO Enamul Haque - ******>user able to submit\"([^\"]*)\<******
2021-01-03 01:46:40,092 [main] INFO Enamul Haque - ******>user able to click on signin button<******
2021-01-03 01:46:41,804 [main] INFO Enamul Haque - ******>user able to enter the \"([^\"]*)\" and \"([^\"]*)\<******
2021-01-03 01:46:42,246 [main] INFO Enamul Haque - ******>user am able to submit signin button<******
2021-01-03 01:46:44,664 [main] INFO Enamul Haque - ******>user can enter the location & search it<******
2021-01-03 01:46:49,535 [main] INFO Enamul Haque - ******>user can print all the price value$ <******
2021-01-03 01:46:49,864 [main] INFO Enamul Haque - ******>user can select the fifth property on list<******
2021-01-03 01:46:50,369 [main] INFO Enamul Haque - ******>As a user I am able to verify the logo, name and telephone number of the agent<******
2021-01-03 01:46:50,549 [main] INFO Enamul Haque - ******>user can click on MyZoopla<******
2021-01-03 01:46:52,159 [main] INFO Enamul Haque - ******>user can able to click signout button<******
2021-01-03 01:46:53,722 [main] INFO Enamul Haque - ******>user can verify the logout title<******
